<?xml version="1.0" encoding="UTF-8"?><testsuite errors="0" failures="0" name="vvss.features.addStudent.AddStudentStory" skipped="0" tests="2" time="48.72" timestamp="2019-05-15 03:53:39"><testcase classname="vvss.features.addStudent.AddStudentStory" name="Opens add student page types invalid data clicks submit button should see error message"/><testcase classname="vvss.features.addStudent.AddStudentStory" name="Opens add student page types valid data clicks submit button should see added message"/></testsuite>